{"/Users/li911/IdeaProjects/stashaway-nps-collector/stashaway-nps-web/src/App.vue": {"path":"/Users/li911/IdeaProjects/stashaway-nps-collector/stashaway-nps-web/src/App.vue","statementMap":{"0":{"start":{"line":1,"column":1},"end":{"line":52,"column":4}},"1":{"start":{"line":4,"column":0},"end":{"line":6,"column":3}},"2":{"start":{"line":8,"column":16},"end":{"line":8,"column":56}},"3":{"start":{"line":10,"column":16},"end":{"line":10,"column":49}},"4":{"start":{"line":12,"column":0},"end":{"line":12,"column":44}},"5":{"start":{"line":14,"column":0},"end":{"line":14,"column":48}},"6":{"start":{"line":16,"column":12},"end":{"line":16,"column":27}},"7":{"start":{"line":18,"column":16},"end":{"line":18,"column":59}},"8":{"start":{"line":20,"column":17},"end":{"line":20,"column":50}},"9":{"start":{"line":22,"column":19},"end":{"line":22,"column":65}},"10":{"start":{"line":24,"column":20},"end":{"line":24,"column":56}},"11":{"start":{"line":26,"column":39},"end":{"line":26,"column":93}},"12":{"start":{"line":28,"column":0},"end":{"line":37,"column":2}},"13":{"start":{"line":53,"column":0},"end":{"line":53,"column":70}},"14":{"start":{"line":53,"column":31},"end":{"line":53,"column":70}},"15":{"start":{"line":54,"column":24},"end":{"line":54,"column":100}},"16":{"start":{"line":55,"column":0},"end":{"line":55,"column":316}},"17":{"start":{"line":55,"column":54},"end":{"line":55,"column":58}},"18":{"start":{"line":55,"column":66},"end":{"line":55,"column":84}},"19":{"start":{"line":55,"column":92},"end":{"line":55,"column":108}},"20":{"start":{"line":55,"column":109},"end":{"line":55,"column":315}},"21":{"start":{"line":56,"column":0},"end":{"line":56,"column":37}}},"fnMap":{"0":{"name":"(anonymous_0)","decl":{"start":{"line":1,"column":2},"end":{"line":1,"column":3}},"loc":{"start":{"line":1,"column":12},"end":{"line":52,"column":1}},"line":1},"1":{"name":"_interopRequireDefault","decl":{"start":{"line":26,"column":9},"end":{"line":26,"column":31}},"loc":{"start":{"line":26,"column":37},"end":{"line":26,"column":95}},"line":26},"2":{"name":"render","decl":{"start":{"line":55,"column":35},"end":{"line":55,"column":41}},"loc":{"start":{"line":55,"column":45},"end":{"line":55,"column":316}},"line":55}},"branchMap":{"0":{"loc":{"start":{"line":26,"column":46},"end":{"line":26,"column":92}},"type":"cond-expr","locations":[{"start":{"line":26,"column":70},"end":{"line":26,"column":73}},{"start":{"line":26,"column":76},"end":{"line":26,"column":92}}],"line":26},"1":{"loc":{"start":{"line":26,"column":46},"end":{"line":26,"column":67}},"type":"binary-expr","locations":[{"start":{"line":26,"column":46},"end":{"line":26,"column":49}},{"start":{"line":26,"column":53},"end":{"line":26,"column":67}}],"line":26},"2":{"loc":{"start":{"line":53,"column":0},"end":{"line":53,"column":70}},"type":"if","locations":[{"start":{"line":53,"column":0},"end":{"line":53,"column":70}},{"start":{"line":53,"column":0},"end":{"line":53,"column":70}}],"line":53},"3":{"loc":{"start":{"line":54,"column":24},"end":{"line":54,"column":100}},"type":"cond-expr","locations":[{"start":{"line":54,"column":62},"end":{"line":54,"column":84}},{"start":{"line":54,"column":86},"end":{"line":54,"column":100}}],"line":54},"4":{"loc":{"start":{"line":55,"column":92},"end":{"line":55,"column":108}},"type":"binary-expr","locations":[{"start":{"line":55,"column":92},"end":{"line":55,"column":104}},{"start":{"line":55,"column":106},"end":{"line":55,"column":108}}],"line":55}},"s":{"0":0,"1":0,"2":0,"3":0,"4":0,"5":0,"6":0,"7":0,"8":0,"9":0,"10":0,"11":0,"12":0,"13":0,"14":0,"15":0,"16":0,"17":0,"18":0,"19":0,"20":0,"21":0},"f":{"0":0,"1":0,"2":0},"b":{"0":[0,0],"1":[0,0],"2":[0,0],"3":[0,0],"4":[0,0]}}
,"/Users/li911/IdeaProjects/stashaway-nps-collector/stashaway-nps-web/src/components/Common/SaRouteView.vue": {"path":"/Users/li911/IdeaProjects/stashaway-nps-collector/stashaway-nps-web/src/components/Common/SaRouteView.vue","statementMap":{"0":{"start":{"line":1,"column":1},"end":{"line":3,"column":4}},"1":{"start":{"line":4,"column":0},"end":{"line":4,"column":70}},"2":{"start":{"line":4,"column":31},"end":{"line":4,"column":70}},"3":{"start":{"line":5,"column":24},"end":{"line":5,"column":100}},"4":{"start":{"line":6,"column":0},"end":{"line":6,"column":207}},"5":{"start":{"line":6,"column":54},"end":{"line":6,"column":58}},"6":{"start":{"line":6,"column":66},"end":{"line":6,"column":84}},"7":{"start":{"line":6,"column":92},"end":{"line":6,"column":108}},"8":{"start":{"line":6,"column":109},"end":{"line":6,"column":206}},"9":{"start":{"line":7,"column":0},"end":{"line":7,"column":37}}},"fnMap":{"0":{"name":"(anonymous_0)","decl":{"start":{"line":1,"column":2},"end":{"line":1,"column":3}},"loc":{"start":{"line":1,"column":12},"end":{"line":3,"column":1}},"line":1},"1":{"name":"render","decl":{"start":{"line":6,"column":35},"end":{"line":6,"column":41}},"loc":{"start":{"line":6,"column":45},"end":{"line":6,"column":207}},"line":6}},"branchMap":{"0":{"loc":{"start":{"line":4,"column":0},"end":{"line":4,"column":70}},"type":"if","locations":[{"start":{"line":4,"column":0},"end":{"line":4,"column":70}},{"start":{"line":4,"column":0},"end":{"line":4,"column":70}}],"line":4},"1":{"loc":{"start":{"line":5,"column":24},"end":{"line":5,"column":100}},"type":"cond-expr","locations":[{"start":{"line":5,"column":62},"end":{"line":5,"column":84}},{"start":{"line":5,"column":86},"end":{"line":5,"column":100}}],"line":5},"2":{"loc":{"start":{"line":6,"column":92},"end":{"line":6,"column":108}},"type":"binary-expr","locations":[{"start":{"line":6,"column":92},"end":{"line":6,"column":104}},{"start":{"line":6,"column":106},"end":{"line":6,"column":108}}],"line":6}},"s":{"0":0,"1":0,"2":0,"3":0,"4":0,"5":0,"6":0,"7":0,"8":0,"9":0},"f":{"0":0,"1":0},"b":{"0":[0,0],"1":[0,0],"2":[0,0]}}
,"/Users/li911/IdeaProjects/stashaway-nps-collector/stashaway-nps-web/src/components/Common/SaWelcome.vue": {"path":"/Users/li911/IdeaProjects/stashaway-nps-collector/stashaway-nps-web/src/components/Common/SaWelcome.vue","statementMap":{"0":{"start":{"line":1,"column":1},"end":{"line":3,"column":4}},"1":{"start":{"line":4,"column":0},"end":{"line":4,"column":70}},"2":{"start":{"line":4,"column":31},"end":{"line":4,"column":70}},"3":{"start":{"line":5,"column":24},"end":{"line":5,"column":100}},"4":{"start":{"line":6,"column":0},"end":{"line":6,"column":126}},"5":{"start":{"line":6,"column":54},"end":{"line":6,"column":58}},"6":{"start":{"line":6,"column":66},"end":{"line":6,"column":84}},"7":{"start":{"line":6,"column":92},"end":{"line":6,"column":108}},"8":{"start":{"line":6,"column":109},"end":{"line":6,"column":125}},"9":{"start":{"line":7,"column":0},"end":{"line":7,"column":327}},"10":{"start":{"line":7,"column":64},"end":{"line":7,"column":68}},"11":{"start":{"line":7,"column":76},"end":{"line":7,"column":94}},"12":{"start":{"line":7,"column":102},"end":{"line":7,"column":118}},"13":{"start":{"line":7,"column":119},"end":{"line":7,"column":325}}},"fnMap":{"0":{"name":"(anonymous_0)","decl":{"start":{"line":1,"column":2},"end":{"line":1,"column":3}},"loc":{"start":{"line":1,"column":12},"end":{"line":3,"column":1}},"line":1},"1":{"name":"render","decl":{"start":{"line":6,"column":35},"end":{"line":6,"column":41}},"loc":{"start":{"line":6,"column":45},"end":{"line":6,"column":126}},"line":6},"2":{"name":"render","decl":{"start":{"line":7,"column":45},"end":{"line":7,"column":51}},"loc":{"start":{"line":7,"column":55},"end":{"line":7,"column":326}},"line":7}},"branchMap":{"0":{"loc":{"start":{"line":4,"column":0},"end":{"line":4,"column":70}},"type":"if","locations":[{"start":{"line":4,"column":0},"end":{"line":4,"column":70}},{"start":{"line":4,"column":0},"end":{"line":4,"column":70}}],"line":4},"1":{"loc":{"start":{"line":5,"column":24},"end":{"line":5,"column":100}},"type":"cond-expr","locations":[{"start":{"line":5,"column":62},"end":{"line":5,"column":84}},{"start":{"line":5,"column":86},"end":{"line":5,"column":100}}],"line":5},"2":{"loc":{"start":{"line":6,"column":92},"end":{"line":6,"column":108}},"type":"binary-expr","locations":[{"start":{"line":6,"column":92},"end":{"line":6,"column":104}},{"start":{"line":6,"column":106},"end":{"line":6,"column":108}}],"line":6},"3":{"loc":{"start":{"line":7,"column":102},"end":{"line":7,"column":118}},"type":"binary-expr","locations":[{"start":{"line":7,"column":102},"end":{"line":7,"column":114}},{"start":{"line":7,"column":116},"end":{"line":7,"column":118}}],"line":7}},"s":{"0":0,"1":0,"2":0,"3":0,"4":0,"5":0,"6":0,"7":0,"8":0,"9":0,"10":0,"11":0,"12":0,"13":0},"f":{"0":0,"1":0,"2":0},"b":{"0":[0,0],"1":[0,0],"2":[0,0],"3":[0,0]}}
,"/Users/li911/IdeaProjects/stashaway-nps-collector/stashaway-nps-web/src/components/NpsSurvey/NpsSurvey.vue": {"path":"/Users/li911/IdeaProjects/stashaway-nps-collector/stashaway-nps-web/src/components/NpsSurvey/NpsSurvey.vue","statementMap":{"0":{"start":{"line":1,"column":1},"end":{"line":53,"column":4}},"1":{"start":{"line":4,"column":0},"end":{"line":6,"column":3}},"2":{"start":{"line":8,"column":12},"end":{"line":8,"column":27}},"3":{"start":{"line":10,"column":14},"end":{"line":10,"column":31}},"4":{"start":{"line":12,"column":20},"end":{"line":12,"column":63}},"5":{"start":{"line":14,"column":21},"end":{"line":14,"column":58}},"6":{"start":{"line":16,"column":19},"end":{"line":16,"column":55}},"7":{"start":{"line":18,"column":20},"end":{"line":18,"column":56}},"8":{"start":{"line":20,"column":39},"end":{"line":20,"column":93}},"9":{"start":{"line":32,"column":0},"end":{"line":52,"column":57}},"10":{"start":{"line":40,"column":12},"end":{"line":40,"column":77}},"11":{"start":{"line":43,"column":12},"end":{"line":43,"column":47}},"12":{"start":{"line":48,"column":8},"end":{"line":48,"column":87}},"13":{"start":{"line":54,"column":0},"end":{"line":54,"column":70}},"14":{"start":{"line":54,"column":31},"end":{"line":54,"column":70}},"15":{"start":{"line":55,"column":24},"end":{"line":55,"column":100}},"16":{"start":{"line":56,"column":0},"end":{"line":56,"column":266}},"17":{"start":{"line":56,"column":54},"end":{"line":56,"column":58}},"18":{"start":{"line":56,"column":66},"end":{"line":56,"column":84}},"19":{"start":{"line":56,"column":92},"end":{"line":56,"column":108}},"20":{"start":{"line":56,"column":109},"end":{"line":56,"column":265}},"21":{"start":{"line":57,"column":0},"end":{"line":57,"column":37}}},"fnMap":{"0":{"name":"(anonymous_0)","decl":{"start":{"line":1,"column":2},"end":{"line":1,"column":3}},"loc":{"start":{"line":1,"column":12},"end":{"line":53,"column":1}},"line":1},"1":{"name":"_interopRequireDefault","decl":{"start":{"line":20,"column":9},"end":{"line":20,"column":31}},"loc":{"start":{"line":20,"column":37},"end":{"line":20,"column":95}},"line":20},"2":{"name":"customerReference","decl":{"start":{"line":39,"column":36},"end":{"line":39,"column":53}},"loc":{"start":{"line":39,"column":61},"end":{"line":41,"column":9}},"line":39},"3":{"name":"pending","decl":{"start":{"line":42,"column":26},"end":{"line":42,"column":33}},"loc":{"start":{"line":42,"column":41},"end":{"line":44,"column":9}},"line":42},"4":{"name":"created","decl":{"start":{"line":47,"column":22},"end":{"line":47,"column":29}},"loc":{"start":{"line":47,"column":32},"end":{"line":49,"column":5}},"line":47},"5":{"name":"render","decl":{"start":{"line":56,"column":35},"end":{"line":56,"column":41}},"loc":{"start":{"line":56,"column":45},"end":{"line":56,"column":266}},"line":56}},"branchMap":{"0":{"loc":{"start":{"line":20,"column":46},"end":{"line":20,"column":92}},"type":"cond-expr","locations":[{"start":{"line":20,"column":70},"end":{"line":20,"column":73}},{"start":{"line":20,"column":76},"end":{"line":20,"column":92}}],"line":20},"1":{"loc":{"start":{"line":20,"column":46},"end":{"line":20,"column":67}},"type":"binary-expr","locations":[{"start":{"line":20,"column":46},"end":{"line":20,"column":49}},{"start":{"line":20,"column":53},"end":{"line":20,"column":67}}],"line":20},"2":{"loc":{"start":{"line":54,"column":0},"end":{"line":54,"column":70}},"type":"if","locations":[{"start":{"line":54,"column":0},"end":{"line":54,"column":70}},{"start":{"line":54,"column":0},"end":{"line":54,"column":70}}],"line":54},"3":{"loc":{"start":{"line":55,"column":24},"end":{"line":55,"column":100}},"type":"cond-expr","locations":[{"start":{"line":55,"column":62},"end":{"line":55,"column":84}},{"start":{"line":55,"column":86},"end":{"line":55,"column":100}}],"line":55},"4":{"loc":{"start":{"line":56,"column":92},"end":{"line":56,"column":108}},"type":"binary-expr","locations":[{"start":{"line":56,"column":92},"end":{"line":56,"column":104}},{"start":{"line":56,"column":106},"end":{"line":56,"column":108}}],"line":56},"5":{"loc":{"start":{"line":56,"column":218},"end":{"line":56,"column":261}},"type":"cond-expr","locations":[{"start":{"line":56,"column":233},"end":{"line":56,"column":252}},{"start":{"line":56,"column":253},"end":{"line":56,"column":261}}],"line":56}},"s":{"0":0,"1":0,"2":0,"3":0,"4":0,"5":0,"6":0,"7":0,"8":0,"9":0,"10":0,"11":0,"12":0,"13":0,"14":0,"15":0,"16":0,"17":0,"18":0,"19":0,"20":0,"21":0},"f":{"0":0,"1":0,"2":0,"3":0,"4":0,"5":0},"b":{"0":[0,0],"1":[0,0],"2":[0,0],"3":[0,0],"4":[0,0],"5":[0,0]}}
,"/Users/li911/IdeaProjects/stashaway-nps-collector/stashaway-nps-web/src/components/NpsSurvey/FeedbackForm/FeedbackForm.vue": {"path":"/Users/li911/IdeaProjects/stashaway-nps-collector/stashaway-nps-web/src/components/NpsSurvey/FeedbackForm/FeedbackForm.vue","statementMap":{"0":{"start":{"line":1,"column":1},"end":{"line":82,"column":4}},"1":{"start":{"line":4,"column":0},"end":{"line":6,"column":3}},"2":{"start":{"line":8,"column":12},"end":{"line":8,"column":27}},"3":{"start":{"line":10,"column":16},"end":{"line":10,"column":54}},"4":{"start":{"line":58,"column":0},"end":{"line":81,"column":2}},"5":{"start":{"line":60,"column":8},"end":{"line":62,"column":10}},"6":{"start":{"line":76,"column":8},"end":{"line":76,"column":51}},"7":{"start":{"line":83,"column":0},"end":{"line":83,"column":70}},"8":{"start":{"line":83,"column":31},"end":{"line":83,"column":70}},"9":{"start":{"line":84,"column":24},"end":{"line":84,"column":100}},"10":{"start":{"line":85,"column":0},"end":{"line":85,"column":1173}},"11":{"start":{"line":85,"column":54},"end":{"line":85,"column":58}},"12":{"start":{"line":85,"column":66},"end":{"line":85,"column":84}},"13":{"start":{"line":85,"column":92},"end":{"line":85,"column":108}},"14":{"start":{"line":85,"column":109},"end":{"line":85,"column":1172}},"15":{"start":{"line":86,"column":0},"end":{"line":86,"column":37}}},"fnMap":{"0":{"name":"(anonymous_0)","decl":{"start":{"line":1,"column":2},"end":{"line":1,"column":3}},"loc":{"start":{"line":1,"column":12},"end":{"line":82,"column":1}},"line":1},"1":{"name":"data","decl":{"start":{"line":59,"column":19},"end":{"line":59,"column":23}},"loc":{"start":{"line":59,"column":26},"end":{"line":63,"column":5}},"line":59},"2":{"name":"mounted","decl":{"start":{"line":75,"column":22},"end":{"line":75,"column":29}},"loc":{"start":{"line":75,"column":32},"end":{"line":77,"column":5}},"line":75},"3":{"name":"render","decl":{"start":{"line":85,"column":35},"end":{"line":85,"column":41}},"loc":{"start":{"line":85,"column":45},"end":{"line":85,"column":1173}},"line":85}},"branchMap":{"0":{"loc":{"start":{"line":83,"column":0},"end":{"line":83,"column":70}},"type":"if","locations":[{"start":{"line":83,"column":0},"end":{"line":83,"column":70}},{"start":{"line":83,"column":0},"end":{"line":83,"column":70}}],"line":83},"1":{"loc":{"start":{"line":84,"column":24},"end":{"line":84,"column":100}},"type":"cond-expr","locations":[{"start":{"line":84,"column":62},"end":{"line":84,"column":84}},{"start":{"line":84,"column":86},"end":{"line":84,"column":100}}],"line":84},"2":{"loc":{"start":{"line":85,"column":92},"end":{"line":85,"column":108}},"type":"binary-expr","locations":[{"start":{"line":85,"column":92},"end":{"line":85,"column":104}},{"start":{"line":85,"column":106},"end":{"line":85,"column":108}}],"line":85}},"s":{"0":0,"1":0,"2":0,"3":0,"4":0,"5":0,"6":0,"7":0,"8":0,"9":0,"10":0,"11":0,"12":0,"13":0,"14":0,"15":0},"f":{"0":0,"1":0,"2":0,"3":0},"b":{"0":[0,0],"1":[0,0],"2":[0,0]}}
,"/Users/li911/IdeaProjects/stashaway-nps-collector/stashaway-nps-web/src/components/NpsSurvey/ScoreForm/NpsDescription.vue": {"path":"/Users/li911/IdeaProjects/stashaway-nps-collector/stashaway-nps-web/src/components/NpsSurvey/ScoreForm/NpsDescription.vue","statementMap":{"0":{"start":{"line":1,"column":1},"end":{"line":3,"column":4}},"1":{"start":{"line":4,"column":0},"end":{"line":4,"column":70}},"2":{"start":{"line":4,"column":31},"end":{"line":4,"column":70}},"3":{"start":{"line":5,"column":24},"end":{"line":5,"column":100}},"4":{"start":{"line":6,"column":0},"end":{"line":6,"column":126}},"5":{"start":{"line":6,"column":54},"end":{"line":6,"column":58}},"6":{"start":{"line":6,"column":66},"end":{"line":6,"column":84}},"7":{"start":{"line":6,"column":92},"end":{"line":6,"column":108}},"8":{"start":{"line":6,"column":109},"end":{"line":6,"column":125}},"9":{"start":{"line":7,"column":0},"end":{"line":7,"column":2217}},"10":{"start":{"line":7,"column":64},"end":{"line":7,"column":68}},"11":{"start":{"line":7,"column":76},"end":{"line":7,"column":94}},"12":{"start":{"line":7,"column":102},"end":{"line":7,"column":118}},"13":{"start":{"line":7,"column":119},"end":{"line":7,"column":2215}}},"fnMap":{"0":{"name":"(anonymous_0)","decl":{"start":{"line":1,"column":2},"end":{"line":1,"column":3}},"loc":{"start":{"line":1,"column":12},"end":{"line":3,"column":1}},"line":1},"1":{"name":"render","decl":{"start":{"line":6,"column":35},"end":{"line":6,"column":41}},"loc":{"start":{"line":6,"column":45},"end":{"line":6,"column":126}},"line":6},"2":{"name":"render","decl":{"start":{"line":7,"column":45},"end":{"line":7,"column":51}},"loc":{"start":{"line":7,"column":55},"end":{"line":7,"column":2216}},"line":7}},"branchMap":{"0":{"loc":{"start":{"line":4,"column":0},"end":{"line":4,"column":70}},"type":"if","locations":[{"start":{"line":4,"column":0},"end":{"line":4,"column":70}},{"start":{"line":4,"column":0},"end":{"line":4,"column":70}}],"line":4},"1":{"loc":{"start":{"line":5,"column":24},"end":{"line":5,"column":100}},"type":"cond-expr","locations":[{"start":{"line":5,"column":62},"end":{"line":5,"column":84}},{"start":{"line":5,"column":86},"end":{"line":5,"column":100}}],"line":5},"2":{"loc":{"start":{"line":6,"column":92},"end":{"line":6,"column":108}},"type":"binary-expr","locations":[{"start":{"line":6,"column":92},"end":{"line":6,"column":104}},{"start":{"line":6,"column":106},"end":{"line":6,"column":108}}],"line":6},"3":{"loc":{"start":{"line":7,"column":102},"end":{"line":7,"column":118}},"type":"binary-expr","locations":[{"start":{"line":7,"column":102},"end":{"line":7,"column":114}},{"start":{"line":7,"column":116},"end":{"line":7,"column":118}}],"line":7}},"s":{"0":0,"1":0,"2":0,"3":0,"4":0,"5":0,"6":0,"7":0,"8":0,"9":0,"10":0,"11":0,"12":0,"13":0},"f":{"0":0,"1":0,"2":0},"b":{"0":[0,0],"1":[0,0],"2":[0,0],"3":[0,0]}}
,"/Users/li911/IdeaProjects/stashaway-nps-collector/stashaway-nps-web/src/components/NpsSurvey/ScoreForm/NpsScoreForm.vue": {"path":"/Users/li911/IdeaProjects/stashaway-nps-collector/stashaway-nps-web/src/components/NpsSurvey/ScoreForm/NpsScoreForm.vue","statementMap":{"0":{"start":{"line":1,"column":1},"end":{"line":79,"column":4}},"1":{"start":{"line":4,"column":0},"end":{"line":6,"column":3}},"2":{"start":{"line":8,"column":16},"end":{"line":8,"column":56}},"3":{"start":{"line":10,"column":16},"end":{"line":10,"column":49}},"4":{"start":{"line":12,"column":12},"end":{"line":12,"column":27}},"5":{"start":{"line":14,"column":14},"end":{"line":14,"column":31}},"6":{"start":{"line":16,"column":19},"end":{"line":16,"column":47}},"7":{"start":{"line":18,"column":20},"end":{"line":18,"column":56}},"8":{"start":{"line":20,"column":16},"end":{"line":20,"column":54}},"9":{"start":{"line":22,"column":39},"end":{"line":22,"column":93}},"10":{"start":{"line":54,"column":0},"end":{"line":78,"column":2}},"11":{"start":{"line":64,"column":12},"end":{"line":64,"column":84}},"12":{"start":{"line":67,"column":12},"end":{"line":67,"column":72}},"13":{"start":{"line":72,"column":8},"end":{"line":72,"column":55}},"14":{"start":{"line":73,"column":8},"end":{"line":73,"column":145}},"15":{"start":{"line":80,"column":0},"end":{"line":80,"column":70}},"16":{"start":{"line":80,"column":31},"end":{"line":80,"column":70}},"17":{"start":{"line":81,"column":24},"end":{"line":81,"column":100}},"18":{"start":{"line":82,"column":0},"end":{"line":82,"column":887}},"19":{"start":{"line":82,"column":54},"end":{"line":82,"column":58}},"20":{"start":{"line":82,"column":66},"end":{"line":82,"column":84}},"21":{"start":{"line":82,"column":92},"end":{"line":82,"column":108}},"22":{"start":{"line":82,"column":109},"end":{"line":82,"column":886}},"23":{"start":{"line":83,"column":0},"end":{"line":83,"column":37}}},"fnMap":{"0":{"name":"(anonymous_0)","decl":{"start":{"line":1,"column":2},"end":{"line":1,"column":3}},"loc":{"start":{"line":1,"column":12},"end":{"line":79,"column":1}},"line":1},"1":{"name":"_interopRequireDefault","decl":{"start":{"line":22,"column":9},"end":{"line":22,"column":31}},"loc":{"start":{"line":22,"column":37},"end":{"line":22,"column":95}},"line":22},"2":{"name":"firstName","decl":{"start":{"line":63,"column":28},"end":{"line":63,"column":37}},"loc":{"start":{"line":63,"column":45},"end":{"line":65,"column":9}},"line":63},"3":{"name":"npsScoreFromQuery","decl":{"start":{"line":66,"column":36},"end":{"line":66,"column":53}},"loc":{"start":{"line":66,"column":61},"end":{"line":68,"column":9}},"line":66},"4":{"name":"mounted","decl":{"start":{"line":71,"column":22},"end":{"line":71,"column":29}},"loc":{"start":{"line":71,"column":32},"end":{"line":74,"column":5}},"line":71},"5":{"name":"render","decl":{"start":{"line":82,"column":35},"end":{"line":82,"column":41}},"loc":{"start":{"line":82,"column":45},"end":{"line":82,"column":887}},"line":82}},"branchMap":{"0":{"loc":{"start":{"line":22,"column":46},"end":{"line":22,"column":92}},"type":"cond-expr","locations":[{"start":{"line":22,"column":70},"end":{"line":22,"column":73}},{"start":{"line":22,"column":76},"end":{"line":22,"column":92}}],"line":22},"1":{"loc":{"start":{"line":22,"column":46},"end":{"line":22,"column":67}},"type":"binary-expr","locations":[{"start":{"line":22,"column":46},"end":{"line":22,"column":49}},{"start":{"line":22,"column":53},"end":{"line":22,"column":67}}],"line":22},"2":{"loc":{"start":{"line":73,"column":8},"end":{"line":73,"column":144}},"type":"binary-expr","locations":[{"start":{"line":73,"column":8},"end":{"line":73,"column":53}},{"start":{"line":73,"column":57},"end":{"line":73,"column":100}},{"start":{"line":73,"column":104},"end":{"line":73,"column":144}}],"line":73},"3":{"loc":{"start":{"line":80,"column":0},"end":{"line":80,"column":70}},"type":"if","locations":[{"start":{"line":80,"column":0},"end":{"line":80,"column":70}},{"start":{"line":80,"column":0},"end":{"line":80,"column":70}}],"line":80},"4":{"loc":{"start":{"line":81,"column":24},"end":{"line":81,"column":100}},"type":"cond-expr","locations":[{"start":{"line":81,"column":62},"end":{"line":81,"column":84}},{"start":{"line":81,"column":86},"end":{"line":81,"column":100}}],"line":81},"5":{"loc":{"start":{"line":82,"column":92},"end":{"line":82,"column":108}},"type":"binary-expr","locations":[{"start":{"line":82,"column":92},"end":{"line":82,"column":104}},{"start":{"line":82,"column":106},"end":{"line":82,"column":108}}],"line":82}},"s":{"0":0,"1":0,"2":0,"3":0,"4":0,"5":0,"6":0,"7":0,"8":0,"9":0,"10":0,"11":0,"12":0,"13":0,"14":0,"15":0,"16":0,"17":0,"18":0,"19":0,"20":0,"21":0,"22":0,"23":0},"f":{"0":0,"1":0,"2":0,"3":0,"4":0,"5":0},"b":{"0":[0,0],"1":[0,0],"2":[0,0,0],"3":[0,0],"4":[0,0],"5":[0,0]}}
,"/Users/li911/IdeaProjects/stashaway-nps-collector/stashaway-nps-web/src/components/NpsSurvey/ScoreForm/NpsSelector.vue": {"path":"/Users/li911/IdeaProjects/stashaway-nps-collector/stashaway-nps-web/src/components/NpsSurvey/ScoreForm/NpsSelector.vue","statementMap":{"0":{"start":{"line":1,"column":1},"end":{"line":84,"column":4}},"1":{"start":{"line":4,"column":0},"end":{"line":6,"column":3}},"2":{"start":{"line":8,"column":12},"end":{"line":8,"column":27}},"3":{"start":{"line":10,"column":22},"end":{"line":10,"column":53}},"4":{"start":{"line":12,"column":23},"end":{"line":12,"column":62}},"5":{"start":{"line":14,"column":39},"end":{"line":14,"column":93}},"6":{"start":{"line":72,"column":0},"end":{"line":83,"column":2}},"7":{"start":{"line":85,"column":0},"end":{"line":85,"column":70}},"8":{"start":{"line":85,"column":31},"end":{"line":85,"column":70}},"9":{"start":{"line":86,"column":24},"end":{"line":86,"column":100}},"10":{"start":{"line":87,"column":0},"end":{"line":92,"column":662}},"11":{"start":{"line":87,"column":54},"end":{"line":87,"column":58}},"12":{"start":{"line":87,"column":66},"end":{"line":87,"column":84}},"13":{"start":{"line":87,"column":92},"end":{"line":87,"column":108}},"14":{"start":{"line":87,"column":109},"end":{"line":92,"column":661}},"15":{"start":{"line":87,"column":263},"end":{"line":92,"column":392}},"16":{"start":{"line":92,"column":52},"end":{"line":92,"column":86}},"17":{"start":{"line":92,"column":460},"end":{"line":92,"column":652}},"18":{"start":{"line":93,"column":0},"end":{"line":93,"column":37}}},"fnMap":{"0":{"name":"(anonymous_0)","decl":{"start":{"line":1,"column":2},"end":{"line":1,"column":3}},"loc":{"start":{"line":1,"column":12},"end":{"line":84,"column":1}},"line":1},"1":{"name":"_interopRequireDefault","decl":{"start":{"line":14,"column":9},"end":{"line":14,"column":31}},"loc":{"start":{"line":14,"column":37},"end":{"line":14,"column":95}},"line":14},"2":{"name":"render","decl":{"start":{"line":87,"column":35},"end":{"line":87,"column":41}},"loc":{"start":{"line":87,"column":45},"end":{"line":92,"column":662}},"line":87},"3":{"name":"(anonymous_3)","decl":{"start":{"line":87,"column":243},"end":{"line":87,"column":244}},"loc":{"start":{"line":87,"column":262},"end":{"line":92,"column":393}},"line":87},"4":{"name":"(anonymous_4)","decl":{"start":{"line":92,"column":38},"end":{"line":92,"column":39}},"loc":{"start":{"line":92,"column":50},"end":{"line":92,"column":88}},"line":92},"5":{"name":"(anonymous_5)","decl":{"start":{"line":92,"column":440},"end":{"line":92,"column":441}},"loc":{"start":{"line":92,"column":459},"end":{"line":92,"column":653}},"line":92}},"branchMap":{"0":{"loc":{"start":{"line":14,"column":46},"end":{"line":14,"column":92}},"type":"cond-expr","locations":[{"start":{"line":14,"column":70},"end":{"line":14,"column":73}},{"start":{"line":14,"column":76},"end":{"line":14,"column":92}}],"line":14},"1":{"loc":{"start":{"line":14,"column":46},"end":{"line":14,"column":67}},"type":"binary-expr","locations":[{"start":{"line":14,"column":46},"end":{"line":14,"column":49}},{"start":{"line":14,"column":53},"end":{"line":14,"column":67}}],"line":14},"2":{"loc":{"start":{"line":85,"column":0},"end":{"line":85,"column":70}},"type":"if","locations":[{"start":{"line":85,"column":0},"end":{"line":85,"column":70}},{"start":{"line":85,"column":0},"end":{"line":85,"column":70}}],"line":85},"3":{"loc":{"start":{"line":86,"column":24},"end":{"line":86,"column":100}},"type":"cond-expr","locations":[{"start":{"line":86,"column":62},"end":{"line":86,"column":84}},{"start":{"line":86,"column":86},"end":{"line":86,"column":100}}],"line":86},"4":{"loc":{"start":{"line":87,"column":92},"end":{"line":87,"column":108}},"type":"binary-expr","locations":[{"start":{"line":87,"column":92},"end":{"line":87,"column":104}},{"start":{"line":87,"column":106},"end":{"line":87,"column":108}}],"line":87},"5":{"loc":{"start":{"line":90,"column":44},"end":{"line":90,"column":74}},"type":"binary-expr","locations":[{"start":{"line":90,"column":44},"end":{"line":90,"column":57}},{"start":{"line":90,"column":61},"end":{"line":90,"column":74}}],"line":90},"6":{"loc":{"start":{"line":92,"column":92},"end":{"line":92,"column":174}},"type":"cond-expr","locations":[{"start":{"line":92,"column":109},"end":{"line":92,"column":165}},{"start":{"line":92,"column":166},"end":{"line":92,"column":174}}],"line":92},"7":{"loc":{"start":{"line":92,"column":187},"end":{"line":92,"column":289}},"type":"cond-expr","locations":[{"start":{"line":92,"column":220},"end":{"line":92,"column":280}},{"start":{"line":92,"column":281},"end":{"line":92,"column":289}}],"line":92},"8":{"loc":{"start":{"line":92,"column":188},"end":{"line":92,"column":218}},"type":"binary-expr","locations":[{"start":{"line":92,"column":188},"end":{"line":92,"column":201}},{"start":{"line":92,"column":205},"end":{"line":92,"column":218}}],"line":92},"9":{"loc":{"start":{"line":92,"column":302},"end":{"line":92,"column":386}},"type":"cond-expr","locations":[{"start":{"line":92,"column":319},"end":{"line":92,"column":377}},{"start":{"line":92,"column":378},"end":{"line":92,"column":386}}],"line":92}},"s":{"0":0,"1":0,"2":0,"3":0,"4":0,"5":0,"6":0,"7":0,"8":0,"9":0,"10":0,"11":0,"12":0,"13":0,"14":0,"15":0,"16":0,"17":0,"18":0},"f":{"0":0,"1":0,"2":0,"3":0,"4":0,"5":0},"b":{"0":[0,0],"1":[0,0],"2":[0,0],"3":[0,0],"4":[0,0],"5":[0,0],"6":[0,0],"7":[0,0],"8":[0,0],"9":[0,0]}}
,"/Users/li911/IdeaProjects/stashaway-nps-collector/stashaway-nps-web/src/components/ThankYouPage/ThankYouPage.vue": {"path":"/Users/li911/IdeaProjects/stashaway-nps-collector/stashaway-nps-web/src/components/ThankYouPage/ThankYouPage.vue","statementMap":{"0":{"start":{"line":1,"column":1},"end":{"line":3,"column":4}},"1":{"start":{"line":4,"column":0},"end":{"line":4,"column":70}},"2":{"start":{"line":4,"column":31},"end":{"line":4,"column":70}},"3":{"start":{"line":5,"column":24},"end":{"line":5,"column":100}},"4":{"start":{"line":6,"column":0},"end":{"line":6,"column":462}},"5":{"start":{"line":6,"column":54},"end":{"line":6,"column":58}},"6":{"start":{"line":6,"column":66},"end":{"line":6,"column":84}},"7":{"start":{"line":6,"column":92},"end":{"line":6,"column":108}},"8":{"start":{"line":6,"column":109},"end":{"line":6,"column":461}},"9":{"start":{"line":7,"column":0},"end":{"line":7,"column":37}}},"fnMap":{"0":{"name":"(anonymous_0)","decl":{"start":{"line":1,"column":2},"end":{"line":1,"column":3}},"loc":{"start":{"line":1,"column":12},"end":{"line":3,"column":1}},"line":1},"1":{"name":"render","decl":{"start":{"line":6,"column":35},"end":{"line":6,"column":41}},"loc":{"start":{"line":6,"column":45},"end":{"line":6,"column":462}},"line":6}},"branchMap":{"0":{"loc":{"start":{"line":4,"column":0},"end":{"line":4,"column":70}},"type":"if","locations":[{"start":{"line":4,"column":0},"end":{"line":4,"column":70}},{"start":{"line":4,"column":0},"end":{"line":4,"column":70}}],"line":4},"1":{"loc":{"start":{"line":5,"column":24},"end":{"line":5,"column":100}},"type":"cond-expr","locations":[{"start":{"line":5,"column":62},"end":{"line":5,"column":84}},{"start":{"line":5,"column":86},"end":{"line":5,"column":100}}],"line":5},"2":{"loc":{"start":{"line":6,"column":92},"end":{"line":6,"column":108}},"type":"binary-expr","locations":[{"start":{"line":6,"column":92},"end":{"line":6,"column":104}},{"start":{"line":6,"column":106},"end":{"line":6,"column":108}}],"line":6}},"s":{"0":0,"1":0,"2":0,"3":0,"4":0,"5":0,"6":0,"7":0,"8":0,"9":0},"f":{"0":0,"1":0},"b":{"0":[0,0],"1":[0,0],"2":[0,0]}}
,"/Users/li911/IdeaProjects/stashaway-nps-collector/stashaway-nps-web/src/constants/npsSteps.js": {"path":"/Users/li911/IdeaProjects/stashaway-nps-collector/stashaway-nps-web/src/constants/npsSteps.js","statementMap":{"0":{"start":{"line":1,"column":13},"end":{"line":1,"column":75}},"1":{"start":{"line":1,"column":98},"end":{"line":1,"column":126}},"2":{"start":{"line":3,"column":19},"end":{"line":3,"column":43}},"3":{"start":{"line":5,"column":20},"end":{"line":5,"column":45}}},"fnMap":{},"branchMap":{},"s":{"0":0,"1":0,"2":0,"3":0},"f":{},"b":{}}
,"/Users/li911/IdeaProjects/stashaway-nps-collector/stashaway-nps-web/src/lib/actionModifier.js": {"path":"/Users/li911/IdeaProjects/stashaway-nps-collector/stashaway-nps-web/src/lib/actionModifier.js","statementMap":{"0":{"start":{"line":1,"column":13},"end":{"line":1,"column":75}},"1":{"start":{"line":1,"column":89},"end":{"line":1,"column":161}},"2":{"start":{"line":1,"column":133},"end":{"line":1,"column":160}},"3":{"start":{"line":2,"column":14},"end":{"line":2,"column":86}},"4":{"start":{"line":2,"column":58},"end":{"line":2,"column":85}},"5":{"start":{"line":3,"column":14},"end":{"line":3,"column":86}},"6":{"start":{"line":3,"column":58},"end":{"line":3,"column":85}}},"fnMap":{"0":{"name":"success","decl":{"start":{"line":1,"column":116},"end":{"line":1,"column":123}},"loc":{"start":{"line":1,"column":132},"end":{"line":1,"column":161}},"line":1},"1":{"name":"failure","decl":{"start":{"line":2,"column":41},"end":{"line":2,"column":48}},"loc":{"start":{"line":2,"column":57},"end":{"line":2,"column":86}},"line":2},"2":{"name":"request","decl":{"start":{"line":3,"column":41},"end":{"line":3,"column":48}},"loc":{"start":{"line":3,"column":57},"end":{"line":3,"column":86}},"line":3}},"branchMap":{},"s":{"0":0,"1":0,"2":0,"3":0,"4":0,"5":0,"6":0},"f":{"0":0,"1":0,"2":0},"b":{}}
,"/Users/li911/IdeaProjects/stashaway-nps-collector/stashaway-nps-web/src/lib/common.js": {"path":"/Users/li911/IdeaProjects/stashaway-nps-collector/stashaway-nps-web/src/lib/common.js","statementMap":{"0":{"start":{"line":1,"column":13},"end":{"line":1,"column":75}},"1":{"start":{"line":1,"column":75},"end":{"line":1,"column":171}},"2":{"start":{"line":1,"column":187},"end":{"line":1,"column":219}},"3":{"start":{"line":2,"column":14},"end":{"line":2,"column":34}},"4":{"start":{"line":2,"column":50},"end":{"line":2,"column":81}},"5":{"start":{"line":3,"column":14},"end":{"line":3,"column":31}},"6":{"start":{"line":3,"column":70},"end":{"line":3,"column":124}},"7":{"start":{"line":5,"column":19},"end":{"line":16,"column":1}},"8":{"start":{"line":6,"column":19},"end":{"line":6,"column":49}},"9":{"start":{"line":8,"column":4},"end":{"line":14,"column":19}},"10":{"start":{"line":10,"column":12},"end":{"line":10,"column":66}},"11":{"start":{"line":11,"column":12},"end":{"line":11,"column":18}},"12":{"start":{"line":13,"column":12},"end":{"line":13,"column":58}},"13":{"start":{"line":14,"column":12},"end":{"line":14,"column":18}},"14":{"start":{"line":18,"column":30},"end":{"line":18,"column":167}},"15":{"start":{"line":18,"column":107},"end":{"line":18,"column":166}},"16":{"start":{"line":20,"column":25},"end":{"line":20,"column":128}},"17":{"start":{"line":20,"column":85},"end":{"line":20,"column":127}}},"fnMap":{"0":{"name":"_interopRequireDefault","decl":{"start":{"line":3,"column":41},"end":{"line":3,"column":63}},"loc":{"start":{"line":3,"column":69},"end":{"line":3,"column":125}},"line":3},"1":{"name":"navigateStep","decl":{"start":{"line":5,"column":51},"end":{"line":5,"column":63}},"loc":{"start":{"line":5,"column":89},"end":{"line":16,"column":1}},"line":5},"2":{"name":"checkIsQuestionAnswered","decl":{"start":{"line":18,"column":73},"end":{"line":18,"column":96}},"loc":{"start":{"line":18,"column":106},"end":{"line":18,"column":167}},"line":18},"3":{"name":"navigateToThankYou","decl":{"start":{"line":20,"column":63},"end":{"line":20,"column":81}},"loc":{"start":{"line":20,"column":84},"end":{"line":20,"column":128}},"line":20}},"branchMap":{"0":{"loc":{"start":{"line":3,"column":77},"end":{"line":3,"column":123}},"type":"cond-expr","locations":[{"start":{"line":3,"column":101},"end":{"line":3,"column":104}},{"start":{"line":3,"column":107},"end":{"line":3,"column":123}}],"line":3},"1":{"loc":{"start":{"line":3,"column":77},"end":{"line":3,"column":98}},"type":"binary-expr","locations":[{"start":{"line":3,"column":77},"end":{"line":3,"column":80}},{"start":{"line":3,"column":84},"end":{"line":3,"column":98}}],"line":3},"2":{"loc":{"start":{"line":8,"column":4},"end":{"line":14,"column":19}},"type":"switch","locations":[{"start":{"line":9,"column":8},"end":{"line":11,"column":18}},{"start":{"line":12,"column":8},"end":{"line":14,"column":18}}],"line":8}},"s":{"0":0,"1":0,"2":0,"3":0,"4":0,"5":0,"6":0,"7":0,"8":0,"9":0,"10":0,"11":0,"12":0,"13":0,"14":0,"15":0,"16":0,"17":0},"f":{"0":0,"1":0,"2":0,"3":0},"b":{"0":[0,0],"1":[0,0],"2":[0,0]}}
,"/Users/li911/IdeaProjects/stashaway-nps-collector/stashaway-nps-web/src/vuex/store.js": {"path":"/Users/li911/IdeaProjects/stashaway-nps-collector/stashaway-nps-web/src/vuex/store.js","statementMap":{"0":{"start":{"line":1,"column":13},"end":{"line":1,"column":75}},"1":{"start":{"line":1,"column":86},"end":{"line":1,"column":100}},"2":{"start":{"line":1,"column":113},"end":{"line":1,"column":141}},"3":{"start":{"line":2,"column":12},"end":{"line":2,"column":27}},"4":{"start":{"line":2,"column":41},"end":{"line":2,"column":70}},"5":{"start":{"line":3,"column":12},"end":{"line":3,"column":29}},"6":{"start":{"line":3,"column":43},"end":{"line":3,"column":72}},"7":{"start":{"line":4,"column":11},"end":{"line":4,"column":27}},"8":{"start":{"line":4,"column":40},"end":{"line":4,"column":68}},"9":{"start":{"line":4,"column":107},"end":{"line":4,"column":161}},"10":{"start":{"line":6,"column":0},"end":{"line":6,"column":34}},"11":{"start":{"line":8,"column":15},"end":{"line":8,"column":29}},"12":{"start":{"line":8,"column":30},"end":{"line":13,"column":27}}},"fnMap":{"0":{"name":"_interopRequireDefault","decl":{"start":{"line":4,"column":78},"end":{"line":4,"column":100}},"loc":{"start":{"line":4,"column":106},"end":{"line":4,"column":162}},"line":4}},"branchMap":{"0":{"loc":{"start":{"line":4,"column":114},"end":{"line":4,"column":160}},"type":"cond-expr","locations":[{"start":{"line":4,"column":138},"end":{"line":4,"column":141}},{"start":{"line":4,"column":144},"end":{"line":4,"column":160}}],"line":4},"1":{"loc":{"start":{"line":4,"column":114},"end":{"line":4,"column":135}},"type":"binary-expr","locations":[{"start":{"line":4,"column":114},"end":{"line":4,"column":117}},{"start":{"line":4,"column":121},"end":{"line":4,"column":135}}],"line":4}},"s":{"0":0,"1":0,"2":0,"3":0,"4":0,"5":0,"6":0,"7":0,"8":0,"9":0,"10":0,"11":0,"12":0},"f":{"0":0},"b":{"0":[0,0],"1":[0,0]}}
,"/Users/li911/IdeaProjects/stashaway-nps-collector/stashaway-nps-web/src/vuex/vapi.js": {"path":"/Users/li911/IdeaProjects/stashaway-nps-collector/stashaway-nps-web/src/vuex/vapi.js","statementMap":{"0":{"start":{"line":1,"column":13},"end":{"line":1,"column":75}},"1":{"start":{"line":1,"column":91},"end":{"line":1,"column":131}},"2":{"start":{"line":1,"column":148},"end":{"line":1,"column":181}},"3":{"start":{"line":1,"column":201},"end":{"line":1,"column":225}},"4":{"start":{"line":1,"column":246},"end":{"line":1,"column":282}},"5":{"start":{"line":2,"column":14},"end":{"line":2,"column":31}},"6":{"start":{"line":3,"column":18},"end":{"line":3,"column":40}},"7":{"start":{"line":4,"column":14},"end":{"line":4,"column":38}},"8":{"start":{"line":5,"column":16},"end":{"line":5,"column":48}},"9":{"start":{"line":5,"column":87},"end":{"line":5,"column":141}},"10":{"start":{"line":7,"column":10},"end":{"line":7,"column":47}},"11":{"start":{"line":7,"column":48},"end":{"line":39,"column":11}},"12":{"start":{"line":20,"column":33},"end":{"line":20,"column":74}},"13":{"start":{"line":21,"column":51},"end":{"line":22,"column":103}},"14":{"start":{"line":27,"column":40},"end":{"line":27,"column":47}},"15":{"start":{"line":27,"column":48},"end":{"line":27,"column":64}},"16":{"start":{"line":28,"column":45},"end":{"line":29,"column":145}},"17":{"start":{"line":30,"column":51},"end":{"line":30,"column":162}},"18":{"start":{"line":35,"column":41},"end":{"line":35,"column":49}},"19":{"start":{"line":35,"column":50},"end":{"line":35,"column":81}},"20":{"start":{"line":36,"column":38},"end":{"line":36,"column":73}},"21":{"start":{"line":37,"column":37},"end":{"line":37,"column":78}}},"fnMap":{"0":{"name":"_interopRequireDefault","decl":{"start":{"line":5,"column":58},"end":{"line":5,"column":80}},"loc":{"start":{"line":5,"column":86},"end":{"line":5,"column":142}},"line":5},"1":{"name":"onError","decl":{"start":{"line":20,"column":22},"end":{"line":20,"column":29}},"loc":{"start":{"line":20,"column":32},"end":{"line":20,"column":75}},"line":20},"2":{"name":"onSuccess","decl":{"start":{"line":21,"column":24},"end":{"line":21,"column":33}},"loc":{"start":{"line":21,"column":50},"end":{"line":22,"column":104}},"line":21},"3":{"name":"path","decl":{"start":{"line":27,"column":19},"end":{"line":27,"column":23}},"loc":{"start":{"line":27,"column":30},"end":{"line":27,"column":65}},"line":27},"4":{"name":"onError","decl":{"start":{"line":28,"column":22},"end":{"line":28,"column":29}},"loc":{"start":{"line":28,"column":44},"end":{"line":29,"column":146}},"line":28},"5":{"name":"onSuccess","decl":{"start":{"line":30,"column":24},"end":{"line":30,"column":33}},"loc":{"start":{"line":30,"column":50},"end":{"line":30,"column":163}},"line":30},"6":{"name":"path","decl":{"start":{"line":35,"column":19},"end":{"line":35,"column":23}},"loc":{"start":{"line":35,"column":31},"end":{"line":35,"column":82}},"line":35},"7":{"name":"onError","decl":{"start":{"line":36,"column":22},"end":{"line":36,"column":29}},"loc":{"start":{"line":36,"column":37},"end":{"line":36,"column":74}},"line":36},"8":{"name":"onSuccess","decl":{"start":{"line":37,"column":24},"end":{"line":37,"column":33}},"loc":{"start":{"line":37,"column":36},"end":{"line":37,"column":79}},"line":37}},"branchMap":{"0":{"loc":{"start":{"line":5,"column":94},"end":{"line":5,"column":140}},"type":"cond-expr","locations":[{"start":{"line":5,"column":118},"end":{"line":5,"column":121}},{"start":{"line":5,"column":124},"end":{"line":5,"column":140}}],"line":5},"1":{"loc":{"start":{"line":5,"column":94},"end":{"line":5,"column":115}},"type":"binary-expr","locations":[{"start":{"line":5,"column":94},"end":{"line":5,"column":97}},{"start":{"line":5,"column":101},"end":{"line":5,"column":115}}],"line":5},"2":{"loc":{"start":{"line":7,"column":10},"end":{"line":7,"column":47}},"type":"binary-expr","locations":[{"start":{"line":7,"column":10},"end":{"line":7,"column":30}},{"start":{"line":7,"column":34},"end":{"line":7,"column":47}}],"line":7},"3":{"loc":{"start":{"line":10,"column":13},"end":{"line":10,"column":107}},"type":"cond-expr","locations":[{"start":{"line":10,"column":37},"end":{"line":10,"column":81}},{"start":{"line":10,"column":84},"end":{"line":10,"column":107}}],"line":10},"4":{"loc":{"start":{"line":21,"column":58},"end":{"line":22,"column":102}},"type":"cond-expr","locations":[{"start":{"line":22,"column":8},"end":{"line":22,"column":41}},{"start":{"line":22,"column":44},"end":{"line":22,"column":102}}],"line":21},"5":{"loc":{"start":{"line":28,"column":52},"end":{"line":29,"column":144}},"type":"cond-expr","locations":[{"start":{"line":29,"column":8},"end":{"line":29,"column":114}},{"start":{"line":29,"column":117},"end":{"line":29,"column":144}}],"line":28}},"s":{"0":0,"1":0,"2":0,"3":0,"4":0,"5":0,"6":0,"7":0,"8":0,"9":0,"10":0,"11":0,"12":0,"13":0,"14":0,"15":0,"16":0,"17":0,"18":0,"19":0,"20":0,"21":0},"f":{"0":0,"1":0,"2":0,"3":0,"4":0,"5":0,"6":0,"7":0,"8":0},"b":{"0":[0,0],"1":[0,0],"2":[0,0],"3":[0,0],"4":[0,0],"5":[0,0]}}
,"/Users/li911/IdeaProjects/stashaway-nps-collector/stashaway-nps-web/src/vuex/nps/actions.js": {"path":"/Users/li911/IdeaProjects/stashaway-nps-collector/stashaway-nps-web/src/vuex/nps/actions.js","statementMap":{"0":{"start":{"line":1,"column":13},"end":{"line":1,"column":75}},"1":{"start":{"line":1,"column":75},"end":{"line":1,"column":269}},"2":{"start":{"line":1,"column":283},"end":{"line":1,"column":300}},"3":{"start":{"line":3,"column":18},"end":{"line":5,"column":1}},"4":{"start":{"line":3,"column":88},"end":{"line":3,"column":99}},"5":{"start":{"line":4,"column":4},"end":{"line":4,"column":35}},"6":{"start":{"line":7,"column":17},"end":{"line":9,"column":1}},"7":{"start":{"line":7,"column":88},"end":{"line":7,"column":100}},"8":{"start":{"line":8,"column":4},"end":{"line":8,"column":35}},"9":{"start":{"line":11,"column":21},"end":{"line":13,"column":1}},"10":{"start":{"line":11,"column":106},"end":{"line":11,"column":118}},"11":{"start":{"line":12,"column":4},"end":{"line":12,"column":45}},"12":{"start":{"line":15,"column":20},"end":{"line":17,"column":1}},"13":{"start":{"line":15,"column":94},"end":{"line":15,"column":106}},"14":{"start":{"line":16,"column":4},"end":{"line":16,"column":36}},"15":{"start":{"line":19,"column":15},"end":{"line":21,"column":1}},"16":{"start":{"line":19,"column":73},"end":{"line":19,"column":85}},"17":{"start":{"line":19,"column":98},"end":{"line":19,"column":113}},"18":{"start":{"line":20,"column":4},"end":{"line":20,"column":87}},"19":{"start":{"line":23,"column":15},"end":{"line":25,"column":1}},"20":{"start":{"line":23,"column":73},"end":{"line":23,"column":85}},"21":{"start":{"line":23,"column":98},"end":{"line":23,"column":113}},"22":{"start":{"line":24,"column":4},"end":{"line":24,"column":87}},"23":{"start":{"line":27,"column":21},"end":{"line":34,"column":1}},"24":{"start":{"line":27,"column":93},"end":{"line":27,"column":107}},"25":{"start":{"line":27,"column":116},"end":{"line":27,"column":127}},"26":{"start":{"line":27,"column":140},"end":{"line":27,"column":155}},"27":{"start":{"line":28,"column":13},"end":{"line":28,"column":39}},"28":{"start":{"line":29,"column":25},"end":{"line":30,"column":39}},"29":{"start":{"line":33,"column":4},"end":{"line":33,"column":77}},"30":{"start":{"line":36,"column":25},"end":{"line":44,"column":1}},"31":{"start":{"line":36,"column":105},"end":{"line":36,"column":119}},"32":{"start":{"line":36,"column":128},"end":{"line":36,"column":139}},"33":{"start":{"line":36,"column":152},"end":{"line":36,"column":167}},"34":{"start":{"line":37,"column":13},"end":{"line":37,"column":39}},"35":{"start":{"line":38,"column":29},"end":{"line":40,"column":52}},"36":{"start":{"line":43,"column":4},"end":{"line":43,"column":85}}},"fnMap":{"0":{"name":"setNpsScore","decl":{"start":{"line":3,"column":49},"end":{"line":3,"column":60}},"loc":{"start":{"line":3,"column":74},"end":{"line":5,"column":1}},"line":3},"1":{"name":"setComment","decl":{"start":{"line":7,"column":47},"end":{"line":7,"column":57}},"loc":{"start":{"line":7,"column":74},"end":{"line":9,"column":1}},"line":7},"2":{"name":"setContactable","decl":{"start":{"line":11,"column":55},"end":{"line":11,"column":69}},"loc":{"start":{"line":11,"column":92},"end":{"line":13,"column":1}},"line":11},"3":{"name":"setActiveStep","decl":{"start":{"line":15,"column":53},"end":{"line":15,"column":66}},"loc":{"start":{"line":15,"column":80},"end":{"line":17,"column":1}},"line":15},"4":{"name":"nextStep","decl":{"start":{"line":19,"column":43},"end":{"line":19,"column":51}},"loc":{"start":{"line":19,"column":59},"end":{"line":21,"column":1}},"line":19},"5":{"name":"prevStep","decl":{"start":{"line":23,"column":43},"end":{"line":23,"column":51}},"loc":{"start":{"line":23,"column":59},"end":{"line":25,"column":1}},"line":23},"6":{"name":"submitNpsScore","decl":{"start":{"line":27,"column":55},"end":{"line":27,"column":69}},"loc":{"start":{"line":27,"column":77},"end":{"line":34,"column":1}},"line":27},"7":{"name":"submitNpsAdditions","decl":{"start":{"line":36,"column":63},"end":{"line":36,"column":81}},"loc":{"start":{"line":36,"column":89},"end":{"line":44,"column":1}},"line":36}},"branchMap":{},"s":{"0":0,"1":0,"2":0,"3":0,"4":0,"5":0,"6":0,"7":0,"8":0,"9":0,"10":0,"11":0,"12":0,"13":0,"14":0,"15":0,"16":0,"17":0,"18":0,"19":0,"20":0,"21":0,"22":0,"23":0,"24":0,"25":0,"26":0,"27":0,"28":0,"29":0,"30":0,"31":0,"32":0,"33":0,"34":0,"35":0,"36":0},"f":{"0":0,"1":0,"2":0,"3":0,"4":0,"5":0,"6":0,"7":0},"b":{}}
,"/Users/li911/IdeaProjects/stashaway-nps-collector/stashaway-nps-web/src/vuex/nps/getters.js": {"path":"/Users/li911/IdeaProjects/stashaway-nps-collector/stashaway-nps-web/src/vuex/nps/getters.js","statementMap":{"0":{"start":{"line":1,"column":13},"end":{"line":1,"column":75}},"1":{"start":{"line":1,"column":75},"end":{"line":1,"column":309}},"2":{"start":{"line":1,"column":323},"end":{"line":1,"column":340}},"3":{"start":{"line":3,"column":21},"end":{"line":3,"column":108}},"4":{"start":{"line":3,"column":78},"end":{"line":3,"column":107}},"5":{"start":{"line":5,"column":23},"end":{"line":5,"column":116}},"6":{"start":{"line":5,"column":84},"end":{"line":5,"column":115}},"7":{"start":{"line":7,"column":29},"end":{"line":7,"column":140}},"8":{"start":{"line":7,"column":102},"end":{"line":7,"column":139}},"9":{"start":{"line":9,"column":23},"end":{"line":9,"column":109}},"10":{"start":{"line":9,"column":84},"end":{"line":9,"column":108}},"11":{"start":{"line":11,"column":32},"end":{"line":11,"column":140}},"12":{"start":{"line":11,"column":111},"end":{"line":11,"column":139}},"13":{"start":{"line":13,"column":33},"end":{"line":21,"column":1}},"14":{"start":{"line":14,"column":15},"end":{"line":14,"column":35}},"15":{"start":{"line":15,"column":4},"end":{"line":19,"column":119}},"16":{"start":{"line":17,"column":12},"end":{"line":17,"column":110}},"17":{"start":{"line":19,"column":12},"end":{"line":19,"column":118}},"18":{"start":{"line":23,"column":35},"end":{"line":39,"column":1}},"19":{"start":{"line":24,"column":4},"end":{"line":30,"column":5}},"20":{"start":{"line":25,"column":8},"end":{"line":28,"column":116}},"21":{"start":{"line":32,"column":4},"end":{"line":36,"column":45}}},"fnMap":{"0":{"name":"npsScoreGetter","decl":{"start":{"line":3,"column":55},"end":{"line":3,"column":69}},"loc":{"start":{"line":3,"column":77},"end":{"line":3,"column":108}},"line":3},"1":{"name":"npsCommentGetter","decl":{"start":{"line":5,"column":59},"end":{"line":5,"column":75}},"loc":{"start":{"line":5,"column":83},"end":{"line":5,"column":116}},"line":5},"2":{"name":"npsIsContactableGetter","decl":{"start":{"line":7,"column":71},"end":{"line":7,"column":93}},"loc":{"start":{"line":7,"column":101},"end":{"line":7,"column":140}},"line":7},"3":{"name":"npsOptionsGetter","decl":{"start":{"line":9,"column":59},"end":{"line":9,"column":75}},"loc":{"start":{"line":9,"column":83},"end":{"line":9,"column":109}},"line":9},"4":{"name":"npsSurveyActiveStepGetter","decl":{"start":{"line":11,"column":77},"end":{"line":11,"column":102}},"loc":{"start":{"line":11,"column":110},"end":{"line":11,"column":140}},"line":11},"5":{"name":"isNpsActiveFormValidGetter","decl":{"start":{"line":13,"column":79},"end":{"line":13,"column":105}},"loc":{"start":{"line":13,"column":113},"end":{"line":21,"column":1}},"line":13},"6":{"name":"npsFeedbackFormContentGetter","decl":{"start":{"line":23,"column":83},"end":{"line":23,"column":111}},"loc":{"start":{"line":23,"column":119},"end":{"line":39,"column":1}},"line":23}},"branchMap":{"0":{"loc":{"start":{"line":15,"column":4},"end":{"line":19,"column":119}},"type":"switch","locations":[{"start":{"line":16,"column":8},"end":{"line":17,"column":110}},{"start":{"line":18,"column":8},"end":{"line":19,"column":118}}],"line":15},"1":{"loc":{"start":{"line":17,"column":19},"end":{"line":17,"column":109}},"type":"binary-expr","locations":[{"start":{"line":17,"column":19},"end":{"line":17,"column":63}},{"start":{"line":17,"column":67},"end":{"line":17,"column":109}}],"line":17},"2":{"loc":{"start":{"line":19,"column":19},"end":{"line":19,"column":117}},"type":"binary-expr","locations":[{"start":{"line":19,"column":19},"end":{"line":19,"column":69}},{"start":{"line":19,"column":73},"end":{"line":19,"column":117}}],"line":19},"3":{"loc":{"start":{"line":24,"column":4},"end":{"line":30,"column":5}},"type":"if","locations":[{"start":{"line":24,"column":4},"end":{"line":30,"column":5}},{"start":{"line":24,"column":4},"end":{"line":30,"column":5}}],"line":24}},"s":{"0":0,"1":0,"2":0,"3":0,"4":0,"5":0,"6":0,"7":0,"8":0,"9":0,"10":0,"11":0,"12":0,"13":0,"14":0,"15":0,"16":0,"17":0,"18":0,"19":0,"20":0,"21":0},"f":{"0":0,"1":0,"2":0,"3":0,"4":0,"5":0,"6":0},"b":{"0":[0,0],"1":[0,0],"2":[0,0],"3":[0,0]}}
,"/Users/li911/IdeaProjects/stashaway-nps-collector/stashaway-nps-web/src/vuex/nps/index.js": {"path":"/Users/li911/IdeaProjects/stashaway-nps-collector/stashaway-nps-web/src/vuex/nps/index.js","statementMap":{"0":{"start":{"line":1,"column":13},"end":{"line":1,"column":75}},"1":{"start":{"line":1,"column":90},"end":{"line":1,"column":110}},"2":{"start":{"line":1,"column":125},"end":{"line":1,"column":158}},"3":{"start":{"line":2,"column":17},"end":{"line":2,"column":39}},"4":{"start":{"line":2,"column":56},"end":{"line":2,"column":91}},"5":{"start":{"line":3,"column":15},"end":{"line":3,"column":35}},"6":{"start":{"line":3,"column":50},"end":{"line":3,"column":83}},"7":{"start":{"line":3,"column":123},"end":{"line":3,"column":339}},"8":{"start":{"line":3,"column":151},"end":{"line":3,"column":162}},"9":{"start":{"line":3,"column":183},"end":{"line":3,"column":185}},"10":{"start":{"line":3,"column":186},"end":{"line":3,"column":303}},"11":{"start":{"line":3,"column":204},"end":{"line":3,"column":302}},"12":{"start":{"line":3,"column":226},"end":{"line":3,"column":301}},"13":{"start":{"line":3,"column":278},"end":{"line":3,"column":301}},"14":{"start":{"line":3,"column":303},"end":{"line":3,"column":324}},"15":{"start":{"line":3,"column":324},"end":{"line":3,"column":338}},"16":{"start":{"line":9,"column":12},"end":{"line":11,"column":76}},"17":{"start":{"line":11,"column":77},"end":{"line":18,"column":23}}},"fnMap":{"0":{"name":"_interopRequireWildcard","decl":{"start":{"line":3,"column":93},"end":{"line":3,"column":116}},"loc":{"start":{"line":3,"column":122},"end":{"line":3,"column":340}},"line":3}},"branchMap":{"0":{"loc":{"start":{"line":3,"column":123},"end":{"line":3,"column":339}},"type":"if","locations":[{"start":{"line":3,"column":123},"end":{"line":3,"column":339}},{"start":{"line":3,"column":123},"end":{"line":3,"column":339}}],"line":3},"1":{"loc":{"start":{"line":3,"column":127},"end":{"line":3,"column":148}},"type":"binary-expr","locations":[{"start":{"line":3,"column":127},"end":{"line":3,"column":130}},{"start":{"line":3,"column":134},"end":{"line":3,"column":148}}],"line":3},"2":{"loc":{"start":{"line":3,"column":186},"end":{"line":3,"column":303}},"type":"if","locations":[{"start":{"line":3,"column":186},"end":{"line":3,"column":303}},{"start":{"line":3,"column":186},"end":{"line":3,"column":303}}],"line":3},"3":{"loc":{"start":{"line":3,"column":226},"end":{"line":3,"column":301}},"type":"if","locations":[{"start":{"line":3,"column":226},"end":{"line":3,"column":301}},{"start":{"line":3,"column":226},"end":{"line":3,"column":301}}],"line":3}},"s":{"0":0,"1":0,"2":0,"3":0,"4":0,"5":0,"6":0,"7":0,"8":0,"9":0,"10":0,"11":0,"12":0,"13":0,"14":0,"15":0,"16":0,"17":0},"f":{"0":0},"b":{"0":[0,0],"1":[0,0],"2":[0,0],"3":[0,0]}}
,"/Users/li911/IdeaProjects/stashaway-nps-collector/stashaway-nps-web/src/vuex/nps/mutations.js": {"path":"/Users/li911/IdeaProjects/stashaway-nps-collector/stashaway-nps-web/src/vuex/nps/mutations.js","statementMap":{"0":{"start":{"line":1,"column":13},"end":{"line":1,"column":75}},"1":{"start":{"line":1,"column":75},"end":{"line":1,"column":223}},"2":{"start":{"line":1,"column":239},"end":{"line":1,"column":279}},"3":{"start":{"line":1,"column":296},"end":{"line":1,"column":329}},"4":{"start":{"line":1,"column":344},"end":{"line":1,"column":371}},"5":{"start":{"line":2,"column":14},"end":{"line":2,"column":31}},"6":{"start":{"line":2,"column":70},"end":{"line":2,"column":124}},"7":{"start":{"line":4,"column":20},"end":{"line":6,"column":1}},"8":{"start":{"line":5,"column":4},"end":{"line":5,"column":84}},"9":{"start":{"line":8,"column":18},"end":{"line":10,"column":1}},"10":{"start":{"line":9,"column":4},"end":{"line":9,"column":88}},"11":{"start":{"line":12,"column":22},"end":{"line":14,"column":1}},"12":{"start":{"line":13,"column":4},"end":{"line":13,"column":100}},"13":{"start":{"line":16,"column":22},"end":{"line":18,"column":1}},"14":{"start":{"line":17,"column":4},"end":{"line":17,"column":82}},"15":{"start":{"line":20,"column":16},"end":{"line":27,"column":1}},"16":{"start":{"line":21,"column":24},"end":{"line":21,"column":65}},"17":{"start":{"line":23,"column":4},"end":{"line":26,"column":5}},"18":{"start":{"line":24,"column":8},"end":{"line":24,"column":34}},"19":{"start":{"line":25,"column":8},"end":{"line":25,"column":69}},"20":{"start":{"line":29,"column":16},"end":{"line":36,"column":1}},"21":{"start":{"line":30,"column":24},"end":{"line":30,"column":65}},"22":{"start":{"line":32,"column":4},"end":{"line":35,"column":5}},"23":{"start":{"line":33,"column":8},"end":{"line":33,"column":34}},"24":{"start":{"line":34,"column":8},"end":{"line":34,"column":69}}},"fnMap":{"0":{"name":"_interopRequireDefault","decl":{"start":{"line":2,"column":41},"end":{"line":2,"column":63}},"loc":{"start":{"line":2,"column":69},"end":{"line":2,"column":125}},"line":2},"1":{"name":"SET_NPS_SCORE","decl":{"start":{"line":4,"column":53},"end":{"line":4,"column":66}},"loc":{"start":{"line":4,"column":81},"end":{"line":6,"column":1}},"line":4},"2":{"name":"SET_COMMENT","decl":{"start":{"line":8,"column":49},"end":{"line":8,"column":60}},"loc":{"start":{"line":8,"column":77},"end":{"line":10,"column":1}},"line":8},"3":{"name":"SET_CONTACTABLE","decl":{"start":{"line":12,"column":57},"end":{"line":12,"column":72}},"loc":{"start":{"line":12,"column":95},"end":{"line":14,"column":1}},"line":12},"4":{"name":"SET_ACTIVE_STEP","decl":{"start":{"line":16,"column":57},"end":{"line":16,"column":72}},"loc":{"start":{"line":16,"column":86},"end":{"line":18,"column":1}},"line":16},"5":{"name":"NEXT_STEP","decl":{"start":{"line":20,"column":45},"end":{"line":20,"column":54}},"loc":{"start":{"line":20,"column":75},"end":{"line":27,"column":1}},"line":20},"6":{"name":"PREV_STEP","decl":{"start":{"line":29,"column":45},"end":{"line":29,"column":54}},"loc":{"start":{"line":29,"column":75},"end":{"line":36,"column":1}},"line":29}},"branchMap":{"0":{"loc":{"start":{"line":2,"column":77},"end":{"line":2,"column":123}},"type":"cond-expr","locations":[{"start":{"line":2,"column":101},"end":{"line":2,"column":104}},{"start":{"line":2,"column":107},"end":{"line":2,"column":123}}],"line":2},"1":{"loc":{"start":{"line":2,"column":77},"end":{"line":2,"column":98}},"type":"binary-expr","locations":[{"start":{"line":2,"column":77},"end":{"line":2,"column":80}},{"start":{"line":2,"column":84},"end":{"line":2,"column":98}}],"line":2},"2":{"loc":{"start":{"line":23,"column":4},"end":{"line":26,"column":5}},"type":"if","locations":[{"start":{"line":23,"column":4},"end":{"line":26,"column":5}},{"start":{"line":23,"column":4},"end":{"line":26,"column":5}}],"line":23},"3":{"loc":{"start":{"line":32,"column":4},"end":{"line":35,"column":5}},"type":"if","locations":[{"start":{"line":32,"column":4},"end":{"line":35,"column":5}},{"start":{"line":32,"column":4},"end":{"line":35,"column":5}}],"line":32}},"s":{"0":0,"1":0,"2":0,"3":0,"4":0,"5":0,"6":0,"7":0,"8":0,"9":0,"10":0,"11":0,"12":0,"13":0,"14":0,"15":0,"16":0,"17":0,"18":0,"19":0,"20":0,"21":0,"22":0,"23":0,"24":0},"f":{"0":0,"1":0,"2":0,"3":0,"4":0,"5":0,"6":0},"b":{"0":[0,0],"1":[0,0],"2":[0,0],"3":[0,0]}}
}
