TN:
SF:/Users/li911/IdeaProjects/stashaway-nps-collector/stashaway-nps-web/src/App.vue
FN:1,(anonymous_0)
FN:26,_interopRequireDefault
FN:55,render
FNF:3
FNH:0
FNDA:0,(anonymous_0)
FNDA:0,_interopRequireDefault
FNDA:0,render
DA:1,0
DA:4,0
DA:8,0
DA:10,0
DA:12,0
DA:14,0
DA:16,0
DA:18,0
DA:20,0
DA:22,0
DA:24,0
DA:26,0
DA:28,0
DA:53,0
DA:54,0
DA:55,0
DA:56,0
LF:17
LH:0
BRDA:26,0,0,0
BRDA:26,0,1,0
BRDA:26,1,0,0
BRDA:26,1,1,0
BRDA:53,2,0,0
BRDA:53,2,1,0
BRDA:54,3,0,0
BRDA:54,3,1,0
BRDA:55,4,0,0
BRDA:55,4,1,0
BRF:10
BRH:0
end_of_record
TN:
SF:/Users/li911/IdeaProjects/stashaway-nps-collector/stashaway-nps-web/src/components/Common/SaRouteView.vue
FN:1,(anonymous_0)
FN:6,render
FNF:2
FNH:0
FNDA:0,(anonymous_0)
FNDA:0,render
DA:1,0
DA:4,0
DA:5,0
DA:6,0
DA:7,0
LF:5
LH:0
BRDA:4,0,0,0
BRDA:4,0,1,0
BRDA:5,1,0,0
BRDA:5,1,1,0
BRDA:6,2,0,0
BRDA:6,2,1,0
BRF:6
BRH:0
end_of_record
TN:
SF:/Users/li911/IdeaProjects/stashaway-nps-collector/stashaway-nps-web/src/components/Common/SaWelcome.vue
FN:1,(anonymous_0)
FN:6,render
FN:7,render
FNF:3
FNH:0
FNDA:0,(anonymous_0)
FNDA:0,render
FNDA:0,render
DA:1,0
DA:4,0
DA:5,0
DA:6,0
DA:7,0
LF:5
LH:0
BRDA:4,0,0,0
BRDA:4,0,1,0
BRDA:5,1,0,0
BRDA:5,1,1,0
BRDA:6,2,0,0
BRDA:6,2,1,0
BRDA:7,3,0,0
BRDA:7,3,1,0
BRF:8
BRH:0
end_of_record
TN:
SF:/Users/li911/IdeaProjects/stashaway-nps-collector/stashaway-nps-web/src/components/NpsSurvey/NpsSurvey.vue
FN:1,(anonymous_0)
FN:20,_interopRequireDefault
FN:39,customerReference
FN:42,pending
FN:47,created
FN:56,render
FNF:6
FNH:0
FNDA:0,(anonymous_0)
FNDA:0,_interopRequireDefault
FNDA:0,customerReference
FNDA:0,pending
FNDA:0,created
FNDA:0,render
DA:1,0
DA:4,0
DA:8,0
DA:10,0
DA:12,0
DA:14,0
DA:16,0
DA:18,0
DA:20,0
DA:32,0
DA:40,0
DA:43,0
DA:48,0
DA:54,0
DA:55,0
DA:56,0
DA:57,0
LF:17
LH:0
BRDA:20,0,0,0
BRDA:20,0,1,0
BRDA:20,1,0,0
BRDA:20,1,1,0
BRDA:54,2,0,0
BRDA:54,2,1,0
BRDA:55,3,0,0
BRDA:55,3,1,0
BRDA:56,4,0,0
BRDA:56,4,1,0
BRDA:56,5,0,0
BRDA:56,5,1,0
BRF:12
BRH:0
end_of_record
TN:
SF:/Users/li911/IdeaProjects/stashaway-nps-collector/stashaway-nps-web/src/components/NpsSurvey/FeedbackForm/FeedbackForm.vue
FN:1,(anonymous_0)
FN:59,data
FN:75,mounted
FN:85,render
FNF:4
FNH:0
FNDA:0,(anonymous_0)
FNDA:0,data
FNDA:0,mounted
FNDA:0,render
DA:1,0
DA:4,0
DA:8,0
DA:10,0
DA:58,0
DA:60,0
DA:76,0
DA:83,0
DA:84,0
DA:85,0
DA:86,0
LF:11
LH:0
BRDA:83,0,0,0
BRDA:83,0,1,0
BRDA:84,1,0,0
BRDA:84,1,1,0
BRDA:85,2,0,0
BRDA:85,2,1,0
BRF:6
BRH:0
end_of_record
TN:
SF:/Users/li911/IdeaProjects/stashaway-nps-collector/stashaway-nps-web/src/components/NpsSurvey/ScoreForm/NpsDescription.vue
FN:1,(anonymous_0)
FN:6,render
FN:7,render
FNF:3
FNH:0
FNDA:0,(anonymous_0)
FNDA:0,render
FNDA:0,render
DA:1,0
DA:4,0
DA:5,0
DA:6,0
DA:7,0
LF:5
LH:0
BRDA:4,0,0,0
BRDA:4,0,1,0
BRDA:5,1,0,0
BRDA:5,1,1,0
BRDA:6,2,0,0
BRDA:6,2,1,0
BRDA:7,3,0,0
BRDA:7,3,1,0
BRF:8
BRH:0
end_of_record
TN:
SF:/Users/li911/IdeaProjects/stashaway-nps-collector/stashaway-nps-web/src/components/NpsSurvey/ScoreForm/NpsScoreForm.vue
FN:1,(anonymous_0)
FN:22,_interopRequireDefault
FN:63,firstName
FN:66,npsScoreFromQuery
FN:71,mounted
FN:82,render
FNF:6
FNH:0
FNDA:0,(anonymous_0)
FNDA:0,_interopRequireDefault
FNDA:0,firstName
FNDA:0,npsScoreFromQuery
FNDA:0,mounted
FNDA:0,render
DA:1,0
DA:4,0
DA:8,0
DA:10,0
DA:12,0
DA:14,0
DA:16,0
DA:18,0
DA:20,0
DA:22,0
DA:54,0
DA:64,0
DA:67,0
DA:72,0
DA:73,0
DA:80,0
DA:81,0
DA:82,0
DA:83,0
LF:19
LH:0
BRDA:22,0,0,0
BRDA:22,0,1,0
BRDA:22,1,0,0
BRDA:22,1,1,0
BRDA:73,2,0,0
BRDA:73,2,1,0
BRDA:73,2,2,0
BRDA:80,3,0,0
BRDA:80,3,1,0
BRDA:81,4,0,0
BRDA:81,4,1,0
BRDA:82,5,0,0
BRDA:82,5,1,0
BRF:13
BRH:0
end_of_record
TN:
SF:/Users/li911/IdeaProjects/stashaway-nps-collector/stashaway-nps-web/src/components/NpsSurvey/ScoreForm/NpsSelector.vue
FN:1,(anonymous_0)
FN:14,_interopRequireDefault
FN:87,render
FN:87,(anonymous_3)
FN:92,(anonymous_4)
FN:92,(anonymous_5)
FNF:6
FNH:0
FNDA:0,(anonymous_0)
FNDA:0,_interopRequireDefault
FNDA:0,render
FNDA:0,(anonymous_3)
FNDA:0,(anonymous_4)
FNDA:0,(anonymous_5)
DA:1,0
DA:4,0
DA:8,0
DA:10,0
DA:12,0
DA:14,0
DA:72,0
DA:85,0
DA:86,0
DA:87,0
DA:92,0
DA:93,0
LF:12
LH:0
BRDA:14,0,0,0
BRDA:14,0,1,0
BRDA:14,1,0,0
BRDA:14,1,1,0
BRDA:85,2,0,0
BRDA:85,2,1,0
BRDA:86,3,0,0
BRDA:86,3,1,0
BRDA:87,4,0,0
BRDA:87,4,1,0
BRDA:90,5,0,0
BRDA:90,5,1,0
BRDA:92,6,0,0
BRDA:92,6,1,0
BRDA:92,7,0,0
BRDA:92,7,1,0
BRDA:92,8,0,0
BRDA:92,8,1,0
BRDA:92,9,0,0
BRDA:92,9,1,0
BRF:20
BRH:0
end_of_record
TN:
SF:/Users/li911/IdeaProjects/stashaway-nps-collector/stashaway-nps-web/src/components/ThankYouPage/ThankYouPage.vue
FN:1,(anonymous_0)
FN:6,render
FNF:2
FNH:0
FNDA:0,(anonymous_0)
FNDA:0,render
DA:1,0
DA:4,0
DA:5,0
DA:6,0
DA:7,0
LF:5
LH:0
BRDA:4,0,0,0
BRDA:4,0,1,0
BRDA:5,1,0,0
BRDA:5,1,1,0
BRDA:6,2,0,0
BRDA:6,2,1,0
BRF:6
BRH:0
end_of_record
TN:
SF:/Users/li911/IdeaProjects/stashaway-nps-collector/stashaway-nps-web/src/constants/npsSteps.js
FNF:0
FNH:0
DA:1,0
DA:3,0
DA:5,0
LF:3
LH:0
BRF:0
BRH:0
end_of_record
TN:
SF:/Users/li911/IdeaProjects/stashaway-nps-collector/stashaway-nps-web/src/lib/actionModifier.js
FN:1,success
FN:2,failure
FN:3,request
FNF:3
FNH:0
FNDA:0,success
FNDA:0,failure
FNDA:0,request
DA:1,0
DA:2,0
DA:3,0
LF:3
LH:0
BRF:0
BRH:0
end_of_record
TN:
SF:/Users/li911/IdeaProjects/stashaway-nps-collector/stashaway-nps-web/src/lib/common.js
FN:3,_interopRequireDefault
FN:5,navigateStep
FN:18,checkIsQuestionAnswered
FN:20,navigateToThankYou
FNF:4
FNH:0
FNDA:0,_interopRequireDefault
FNDA:0,navigateStep
FNDA:0,checkIsQuestionAnswered
FNDA:0,navigateToThankYou
DA:1,0
DA:2,0
DA:3,0
DA:5,0
DA:6,0
DA:8,0
DA:10,0
DA:11,0
DA:13,0
DA:14,0
DA:18,0
DA:20,0
LF:12
LH:0
BRDA:3,0,0,0
BRDA:3,0,1,0
BRDA:3,1,0,0
BRDA:3,1,1,0
BRDA:8,2,0,0
BRDA:8,2,1,0
BRF:6
BRH:0
end_of_record
TN:
SF:/Users/li911/IdeaProjects/stashaway-nps-collector/stashaway-nps-web/src/vuex/store.js
FN:4,_interopRequireDefault
FNF:1
FNH:0
FNDA:0,_interopRequireDefault
DA:1,0
DA:2,0
DA:3,0
DA:4,0
DA:6,0
DA:8,0
LF:6
LH:0
BRDA:4,0,0,0
BRDA:4,0,1,0
BRDA:4,1,0,0
BRDA:4,1,1,0
BRF:4
BRH:0
end_of_record
TN:
SF:/Users/li911/IdeaProjects/stashaway-nps-collector/stashaway-nps-web/src/vuex/vapi.js
FN:5,_interopRequireDefault
FN:20,onError
FN:21,onSuccess
FN:27,path
FN:28,onError
FN:30,onSuccess
FN:35,path
FN:36,onError
FN:37,onSuccess
FNF:9
FNH:0
FNDA:0,_interopRequireDefault
FNDA:0,onError
FNDA:0,onSuccess
FNDA:0,path
FNDA:0,onError
FNDA:0,onSuccess
FNDA:0,path
FNDA:0,onError
FNDA:0,onSuccess
DA:1,0
DA:2,0
DA:3,0
DA:4,0
DA:5,0
DA:7,0
DA:20,0
DA:21,0
DA:27,0
DA:28,0
DA:30,0
DA:35,0
DA:36,0
DA:37,0
LF:14
LH:0
BRDA:5,0,0,0
BRDA:5,0,1,0
BRDA:5,1,0,0
BRDA:5,1,1,0
BRDA:7,2,0,0
BRDA:7,2,1,0
BRDA:10,3,0,0
BRDA:10,3,1,0
BRDA:21,4,0,0
BRDA:21,4,1,0
BRDA:28,5,0,0
BRDA:28,5,1,0
BRF:12
BRH:0
end_of_record
TN:
SF:/Users/li911/IdeaProjects/stashaway-nps-collector/stashaway-nps-web/src/vuex/nps/actions.js
FN:3,setNpsScore
FN:7,setComment
FN:11,setContactable
FN:15,setActiveStep
FN:19,nextStep
FN:23,prevStep
FN:27,submitNpsScore
FN:36,submitNpsAdditions
FNF:8
FNH:0
FNDA:0,setNpsScore
FNDA:0,setComment
FNDA:0,setContactable
FNDA:0,setActiveStep
FNDA:0,nextStep
FNDA:0,prevStep
FNDA:0,submitNpsScore
FNDA:0,submitNpsAdditions
DA:1,0
DA:3,0
DA:4,0
DA:7,0
DA:8,0
DA:11,0
DA:12,0
DA:15,0
DA:16,0
DA:19,0
DA:20,0
DA:23,0
DA:24,0
DA:27,0
DA:28,0
DA:29,0
DA:33,0
DA:36,0
DA:37,0
DA:38,0
DA:43,0
LF:21
LH:0
BRF:0
BRH:0
end_of_record
TN:
SF:/Users/li911/IdeaProjects/stashaway-nps-collector/stashaway-nps-web/src/vuex/nps/getters.js
FN:3,npsScoreGetter
FN:5,npsCommentGetter
FN:7,npsIsContactableGetter
FN:9,npsOptionsGetter
FN:11,npsSurveyActiveStepGetter
FN:13,isNpsActiveFormValidGetter
FN:23,npsFeedbackFormContentGetter
FNF:7
FNH:0
FNDA:0,npsScoreGetter
FNDA:0,npsCommentGetter
FNDA:0,npsIsContactableGetter
FNDA:0,npsOptionsGetter
FNDA:0,npsSurveyActiveStepGetter
FNDA:0,isNpsActiveFormValidGetter
FNDA:0,npsFeedbackFormContentGetter
DA:1,0
DA:3,0
DA:5,0
DA:7,0
DA:9,0
DA:11,0
DA:13,0
DA:14,0
DA:15,0
DA:17,0
DA:19,0
DA:23,0
DA:24,0
DA:25,0
DA:32,0
LF:15
LH:0
BRDA:15,0,0,0
BRDA:15,0,1,0
BRDA:17,1,0,0
BRDA:17,1,1,0
BRDA:19,2,0,0
BRDA:19,2,1,0
BRDA:24,3,0,0
BRDA:24,3,1,0
BRF:8
BRH:0
end_of_record
TN:
SF:/Users/li911/IdeaProjects/stashaway-nps-collector/stashaway-nps-web/src/vuex/nps/index.js
FN:3,_interopRequireWildcard
FNF:1
FNH:0
FNDA:0,_interopRequireWildcard
DA:1,0
DA:2,0
DA:3,0
DA:9,0
DA:11,0
LF:5
LH:0
BRDA:3,0,0,0
BRDA:3,0,1,0
BRDA:3,1,0,0
BRDA:3,1,1,0
BRDA:3,2,0,0
BRDA:3,2,1,0
BRDA:3,3,0,0
BRDA:3,3,1,0
BRF:8
BRH:0
end_of_record
TN:
SF:/Users/li911/IdeaProjects/stashaway-nps-collector/stashaway-nps-web/src/vuex/nps/mutations.js
FN:2,_interopRequireDefault
FN:4,SET_NPS_SCORE
FN:8,SET_COMMENT
FN:12,SET_CONTACTABLE
FN:16,SET_ACTIVE_STEP
FN:20,NEXT_STEP
FN:29,PREV_STEP
FNF:7
FNH:0
FNDA:0,_interopRequireDefault
FNDA:0,SET_NPS_SCORE
FNDA:0,SET_COMMENT
FNDA:0,SET_CONTACTABLE
FNDA:0,SET_ACTIVE_STEP
FNDA:0,NEXT_STEP
FNDA:0,PREV_STEP
DA:1,0
DA:2,0
DA:4,0
DA:5,0
DA:8,0
DA:9,0
DA:12,0
DA:13,0
DA:16,0
DA:17,0
DA:20,0
DA:21,0
DA:23,0
DA:24,0
DA:25,0
DA:29,0
DA:30,0
DA:32,0
DA:33,0
DA:34,0
LF:20
LH:0
BRDA:2,0,0,0
BRDA:2,0,1,0
BRDA:2,1,0,0
BRDA:2,1,1,0
BRDA:23,2,0,0
BRDA:23,2,1,0
BRDA:32,3,0,0
BRDA:32,3,1,0
BRF:8
BRH:0
end_of_record
